\BOOKMARK [1][-]{section.1}{\376\377\000G\000i\036\333\000i\000\040\000t\000h\000i\036\307\000u}{}% 1
\BOOKMARK [2][-]{subsection.1.1}{\376\377\000M\036\345\000c\000\040\001\021\000\355\000c\000h\000\040\000d\036\361\000\040\000\341\000n}{section.1}% 2
\BOOKMARK [2][-]{subsection.1.2}{\376\377\000G\000i\036\333\000i\000\040\000t\000h\000i\036\307\000u\000\040\000c\000\364\000n\000g\000\040\000c\036\345\000\040\000W\000i\000r\000e\000s\000h\000a\000r\000k}{section.1}% 3
\BOOKMARK [2][-]{subsection.1.3}{\376\377\000T\000h\000\364\000n\000g\000\040\000t\000i\000n\000\040\000n\000h\000\363\000m\000\040\000t\000h\036\361\000c\000\040\000h\000i\036\307\000n}{section.1}% 4
\BOOKMARK [1][-]{section.2}{\376\377\000P\000h\036\247\000n\000\040\0001\000:\000\040\000P\000h\000\342\000n\000\040\000T\000\355\000c\000h\000\040\000L\001\260\000u\000\040\000L\001\260\036\343\000n\000g\000\040\000H\000T\000T\000P}{}% 5
\BOOKMARK [2][-]{subsection.2.1}{\376\377\000M\000\364\000\040\000t\036\243\000\040\000c\000\341\000c\000\040\000b\001\260\036\333\000c\000\040\000t\000h\036\361\000c\000\040\000h\000i\036\307\000n}{section.2}% 6
\BOOKMARK [2][-]{subsection.2.2}{\376\377\000C\000\342\000u\000\040\000h\036\317\000i\000\040\000p\000h\000\342\000n\000\040\000t\000\355\000c\000h\000\040\000v\000\340\000\040\000t\000r\036\243\000\040\000l\036\335\000i}{section.2}% 7
\BOOKMARK [3][-]{subsubsection.2.2.1}{\376\377\000C\000\342\000u\000\040\0001\000:\000\040\000S\036\321\000\040\000l\001\260\036\343\000n\000g\000\040\000H\000T\000T\000P\000\040\000G\000E\000T\000\040\000v\000\340\000\040\001\021\036\313\000a\000\040\000c\000h\036\311\000\040\001\021\000\355\000c\000h}{subsection.2.2}% 8
\BOOKMARK [3][-]{subsubsection.2.2.2}{\376\377\000C\000\342\000u\000\040\0002\000:\000\040\000T\036\243\000i\000\040\036\243\000n\000h\000\040\000t\000u\036\247\000n\000\040\000t\036\361\000\040\000h\000a\000y\000\040\001\021\036\323\000n\000g\000\040\000t\000h\036\335\000i}{subsection.2.2}% 9
\BOOKMARK [3][-]{subsubsection.2.2.3}{\376\377\000C\000\342\000u\000\040\0003\000:\000\040\000T\000h\000\364\000n\000g\000\040\000t\000i\000n\000\040\000p\000h\036\243\000n\000\040\000h\036\323\000i\000\040\000H\000T\000T\000P\000\040\000c\036\347\000a\000\040\000t\036\307\000p\000\040\000H\000T\000M\000L}{subsection.2.2}% 10
\BOOKMARK [3][-]{subsubsection.2.2.4}{\376\377\000C\000\342\000u\000\040\0004\000:\000\040\000S\036\321\000\040\000l\001\260\036\343\000n\000g\000\040\000k\036\277\000t\000\040\000n\036\321\000i\000\040\000T\000C\000P\000\040\000v\000\340\000\040\000S\000t\000r\000e\000a\000m\000\040\000I\000n\000d\000e\000x\000\040\000N\000u\000m\000b\000e\000r\000s}{subsection.2.2}% 11
\BOOKMARK [3][-]{subsubsection.2.2.5}{\376\377\000C\000\342\000u\000\040\0005\000:\000\040\000T\000C\000P\000\040\000T\000h\000r\000e\000e\000-\000W\000a\000y\000\040\000H\000a\000n\000d\000s\000h\000a\000k\000e}{subsection.2.2}% 12
\BOOKMARK [3][-]{subsubsection.2.2.6}{\376\377\000C\000\342\000u\000\040\0006\000:\000\040\000T\000C\000P\000\040\000W\000i\000n\000d\000o\000w\000\040\000S\000i\000z\000e\000\040\000V\000a\000l\000u\000e}{subsection.2.2}% 13
\BOOKMARK [1][-]{section.3}{\376\377\000P\000h\036\247\000n\000\040\0002\000:\000\040\000P\000h\000\342\000n\000\040\000T\000\355\000c\000h\000\040\000L\001\260\000u\000\040\000L\001\260\036\343\000n\000g\000\040\000D\000H\000C\000P}{}% 14
\BOOKMARK [2][-]{subsection.3.1}{\376\377\000M\000\364\000\040\000t\036\243\000\040\000c\000\341\000c\000\040\000b\001\260\036\333\000c\000\040\000t\000h\036\361\000c\000\040\000h\000i\036\307\000n}{section.3}% 15
\BOOKMARK [2][-]{subsection.3.2}{\376\377\000C\000\342\000u\000\040\000h\036\317\000i\000\040\000p\000h\000\342\000n\000\040\000t\000\355\000c\000h\000\040\000v\000\340\000\040\000t\000r\036\243\000\040\000l\036\335\000i}{section.3}% 16
\BOOKMARK [3][-]{subsubsection.3.2.1}{\376\377\000C\000\342\000u\000\040\0001\000:\000\040\000G\000\363\000i\000\040\000t\000i\000n\000\040\000A\000R\000P\000\040\000t\000r\000o\000n\000g\000\040\000q\000u\000\341\000\040\000t\000r\000\354\000n\000h\000\040\000t\000r\000a\000o\000\040\001\021\036\325\000i\000\040\000D\000H\000C\000P}{subsection.3.2}% 17
\BOOKMARK [3][-]{subsubsection.3.2.2}{\376\377\000C\000\342\000u\000\040\0002\000:\000\040\001\020\036\313\000a\000\040\000c\000h\036\311\000\040\000I\000P\000\040\000n\000g\000u\036\323\000n\000\040\000v\000\340\000\040\001\021\000\355\000c\000h\000\040\000t\000r\000o\000n\000g\000\040\000D\000H\000C\000P\000\040\000m\000e\000s\000s\000a\000g\000e\000s}{subsection.3.2}% 18
\BOOKMARK [3][-]{subsubsection.3.2.3}{\376\377\000C\000\342\000u\000\040\0003\000:\000\040\000X\036\355\000\040\000l\000\375\000\040\000k\000h\000i\000\040\000n\000h\036\255\000n\000\040\000A\000R\000P\000\040\000R\000e\000p\000l\000y\000\040\000s\000a\000u\000\040\000D\000H\000C\000P\000\040\000A\000C\000K}{subsection.3.2}% 19
\BOOKMARK [3][-]{subsubsection.3.2.4}{\376\377\000C\000\342\000u\000\040\0004\000:\000\040\000L\000\375\000\040\000d\000o\000\040\000s\036\355\000\040\000d\036\345\000n\000g\000\040\000U\000D\000P\000\040\000c\036\321\000\040\001\021\036\313\000n\000h\000\040\000v\000\340\000\040\000t\000\355\000n\000h\000\040\000p\000h\000i\000\040\000k\036\277\000t\000\040\000n\036\321\000i}{subsection.3.2}% 20
\BOOKMARK [3][-]{subsubsection.3.2.5}{\376\377\000C\000\342\000u\000\040\0005\000:\000\040\000C\000h\000e\000c\000k\000s\000u\000m\000\040\000U\000D\000P\000\040\000v\000\340\000\040\000x\036\355\000\040\000l\000\375\000\040\000l\036\327\000i}{subsection.3.2}% 21
\BOOKMARK [1][-]{section.4}{\376\377\000P\000h\036\247\000n\000\040\0003\000:\000\040\000P\000h\000\342\000n\000\040\000T\000\355\000c\000h\000\040\000L\036\333\000p\000\040\000M\036\241\000n\000g\000\040\000v\000\340\000\040\000L\036\333\000p\000\040\000L\000i\000\352\000n\000\040\000K\036\277\000t}{}% 22
\BOOKMARK [2][-]{subsection.4.1}{\376\377\000M\000\364\000\040\000t\036\243\000\040\000c\000\341\000c\000\040\000b\001\260\036\333\000c\000\040\000t\000h\036\361\000c\000\040\000h\000i\036\307\000n}{section.4}% 23
\BOOKMARK [2][-]{subsection.4.2}{\376\377\000C\000\342\000u\000\040\000h\036\317\000i\000\040\000p\000h\000\342\000n\000\040\000t\000\355\000c\000h\000\040\000v\000\340\000\040\000t\000r\036\243\000\040\000l\036\335\000i}{section.4}% 24
\BOOKMARK [3][-]{subsubsection.4.2.1}{\376\377\000C\000\342\000u\000\040\0001\000:\000\040\001\020\036\313\000a\000\040\000c\000h\036\311\000\040\000I\000P\000\040\000t\000r\000o\000n\000g\000\040\000D\000N\000S\000\040\000Q\000u\000e\000r\000y}{subsection.4.2}% 25
\BOOKMARK [3][-]{subsubsection.4.2.2}{\376\377\000C\000\342\000u\000\040\0002\000:\000\040\000T\000i\000m\000e\000\040\000T\000o\000\040\000L\000i\000v\000e\000\040\000\050\000T\000T\000L\000\051}{subsection.4.2}% 26
\BOOKMARK [3][-]{subsubsection.4.2.3}{\376\377\000C\000\342\000u\000\040\0003\000:\000\040\001\020\036\313\000a\000\040\000c\000h\036\311\000\040\000M\000A\000C\000\040\000c\036\347\000a\000\040\000R\000o\000u\000t\000e\000r\000/\000G\000a\000t\000e\000w\000a\000y}{subsection.4.2}% 27
\BOOKMARK [3][-]{subsubsection.4.2.4}{\376\377\000C\000\342\000u\000\040\0004\000:\000\040\001\020\036\313\000a\000\040\000c\000h\036\311\000\040\000t\000r\000o\000n\000g\000\040\000L\000i\000n\000k\000\040\000L\000a\000y\000e\000r\000\040\000H\000e\000a\000d\000e\000r}{subsection.4.2}% 28
\BOOKMARK [3][-]{subsubsection.4.2.5}{\376\377\000C\000\342\000u\000\040\0005\000:\000\040\000T\000r\001\260\036\335\000n\000g\000\040\000T\000y\000p\000e\000\040\000t\000r\000o\000n\000g\000\040\000L\000i\000n\000k\000\040\000L\000a\000y\000e\000r\000\040\000H\000e\000a\000d\000e\000r}{subsection.4.2}% 29
\BOOKMARK [1][-]{section.5}{\376\377\000K\036\277\000t\000\040\000l\000u\036\255\000n}{}% 30
\BOOKMARK [2][-]{subsection.5.1}{\376\377\000T\036\353\000\040\000P\000h\036\247\000n\000\040\0001\000:\000\040\000H\000T\000T\000P\000\040\000T\000r\000a\000f\000f\000i\000c\000\040\000A\000n\000a\000l\000y\000s\000i\000s}{section.5}% 31
\BOOKMARK [2][-]{subsection.5.2}{\376\377\000T\036\353\000\040\000P\000h\036\247\000n\000\040\0002\000:\000\040\000D\000H\000C\000P\000\040\000T\000r\000a\000f\000f\000i\000c\000\040\000A\000n\000a\000l\000y\000s\000i\000s}{section.5}% 32
\BOOKMARK [2][-]{subsection.5.3}{\376\377\000T\036\353\000\040\000P\000h\036\247\000n\000\040\0003\000:\000\040\000N\000e\000t\000w\000o\000r\000k\000\040\000\046\000\040\000L\000i\000n\000k\000\040\000L\000a\000y\000e\000r\000\040\000A\000n\000a\000l\000y\000s\000i\000s}{section.5}% 33
\BOOKMARK [1][-]{section.6}{\376\377\000P\000h\036\345\000\040\000l\036\345\000c}{}% 34
\BOOKMARK [2][-]{subsection.6.1}{\376\377\000Y\000\352\000u\000\040\000c\036\247\000u\000\040\000n\036\331\000p\000\040\000b\000\340\000i}{section.6}% 35
\BOOKMARK [2][-]{subsection.6.2}{\376\377\000T\000i\000\352\000u\000\040\000c\000h\000\355\000\040\001\021\000\341\000n\000h\000\040\000g\000i\000\341}{section.6}% 36
\BOOKMARK [1][-]{section.7}{\376\377\000T\000\340\000i\000\040\000l\000i\036\307\000u\000\040\000t\000h\000a\000m\000\040\000k\000h\036\243\000o}{}% 37
